<?xml version="1.0" encoding="UTF-8"?>
<!-- Generated by org.testng.reporters.JUnitXMLReporter -->
<testsuite ignored="0" hostname="DESKTOP-LL3KM55" failures="0" tests="3" name="Default test" time="58.958" errors="0" timestamp="2025-01-17T01:04:07 EET">
  <testcase classname="AutoProject.Login" name="testLoginForm" time="5.249"/>
  <testcase classname="AutoProject.Login" name="testLoginForm" time="0.021"/>
  <testcase classname="AutoProject.Login" name="testLoginForm" time="0.019"/>
</testsuite> <!-- Default test -->
