<?xml version="1.0" encoding="UTF-8"?>
<testng-results ignored="0" total="3" passed="3" failed="0" skipped="0">
  <reporter-output>
    <line>
      <![CDATA[Navigated to login page]]>
    </line>
    <line>
      <![CDATA[Entered username: Tasneim]]>
    </line>
    <line>
      <![CDATA[Entered password]]>
    </line>
    <line>
      <![CDATA[Clicked login button]]>
    </line>
    <line>
      <![CDATA[Exception occurred during login test: no such element: Unable to locate element: {"method":"css selector","selector":"#profile\-wrapper"}
  (Session info: chrome=131.0.6778.265)
For documentation on this error, please visit: https://www.selenium.dev/documentation/webdriver/troubleshooting/errors#no-such-element-exception
Build info: version: '4.20.0', revision: '866c76ca80'
System info: os.name: 'Windows 10', os.arch: 'amd64', os.version: '10.0', java.version: '23.0.1'
Driver info: org.openqa.selenium.chrome.ChromeDriver
Command: [d0f8ccf9bf8fef8d805c4646be688900, findElement {value=profile-wrapper, using=id}]
Capabilities {acceptInsecureCerts: false, browserName: chrome, browserVersion: 131.0.6778.265, chrome: {chromedriverVersion: 131.0.6778.264 (2d05e315153..., userDataDir: C:\Users\hp\AppData\Local\T...}, fedcm:accounts: true, goog:chromeOptions: {debuggerAddress: localhost:60010}, networkConnectionEnabled: false, pageLoadStrategy: normal, platformName: windows, proxy: Proxy(), se:cdp: ws://localhost:60010/devtoo..., se:cdpVersion: 131.0.6778.265, setWindowRect: true, strictFileInteractability: false, timeouts: {implicit: 0, pageLoad: 300000, script: 30000}, unhandledPromptBehavior: dismiss and notify, webauthn:extension:credBlob: true, webauthn:extension:largeBlob: true, webauthn:extension:minPinLength: true, webauthn:extension:prf: true, webauthn:virtualAuthenticators: true}
Session ID: d0f8ccf9bf8fef8d805c4646be688900]]>
    </line>
    <line>
      <![CDATA[Closed browser and quit WebDriver]]>
    </line>
    <line>
      <![CDATA[Exception occurred during login test: Session ID is null. Using WebDriver after calling quit()?
Build info: version: '4.20.0', revision: '866c76ca80'
System info: os.name: 'Windows 10', os.arch: 'amd64', os.version: '10.0', java.version: '23.0.1'
Driver info: org.openqa.selenium.chrome.ChromeDriver
Command: [null, findElement {value=userName, using=id}]
Capabilities {acceptInsecureCerts: false, browserName: chrome, browserVersion: 131.0.6778.265, chrome: {chromedriverVersion: 131.0.6778.264 (2d05e315153..., userDataDir: C:\Users\hp\AppData\Local\T...}, fedcm:accounts: true, goog:chromeOptions: {debuggerAddress: localhost:60010}, networkConnectionEnabled: false, pageLoadStrategy: normal, platformName: windows, proxy: Proxy(), se:cdp: ws://localhost:60010/devtoo..., se:cdpVersion: 131.0.6778.265, setWindowRect: true, strictFileInteractability: false, timeouts: {implicit: 0, pageLoad: 300000, script: 30000}, unhandledPromptBehavior: dismiss and notify, webauthn:extension:credBlob: true, webauthn:extension:largeBlob: true, webauthn:extension:minPinLength: true, webauthn:extension:prf: true, webauthn:virtualAuthenticators: true}]]>
    </line>
    <line>
      <![CDATA[Closed browser and quit WebDriver]]>
    </line>
    <line>
      <![CDATA[Exception occurred during login test: Session ID is null. Using WebDriver after calling quit()?
Build info: version: '4.20.0', revision: '866c76ca80'
System info: os.name: 'Windows 10', os.arch: 'amd64', os.version: '10.0', java.version: '23.0.1'
Driver info: org.openqa.selenium.chrome.ChromeDriver
Command: [null, findElement {value=userName, using=id}]
Capabilities {acceptInsecureCerts: false, browserName: chrome, browserVersion: 131.0.6778.265, chrome: {chromedriverVersion: 131.0.6778.264 (2d05e315153..., userDataDir: C:\Users\hp\AppData\Local\T...}, fedcm:accounts: true, goog:chromeOptions: {debuggerAddress: localhost:60010}, networkConnectionEnabled: false, pageLoadStrategy: normal, platformName: windows, proxy: Proxy(), se:cdp: ws://localhost:60010/devtoo..., se:cdpVersion: 131.0.6778.265, setWindowRect: true, strictFileInteractability: false, timeouts: {implicit: 0, pageLoad: 300000, script: 30000}, unhandledPromptBehavior: dismiss and notify, webauthn:extension:credBlob: true, webauthn:extension:largeBlob: true, webauthn:extension:minPinLength: true, webauthn:extension:prf: true, webauthn:virtualAuthenticators: true}]]>
    </line>
    <line>
      <![CDATA[Closed browser and quit WebDriver]]>
    </line>
  </reporter-output>
  <suite started-at="2025-01-17T01:03:07 EET" name="Default suite" finished-at="2025-01-17T01:04:06 EET" duration-ms="58958">
    <groups>
    </groups>
    <test started-at="2025-01-17T01:03:07 EET" name="Default test" finished-at="2025-01-17T01:04:06 EET" duration-ms="58958">
      <class name="AutoProject.Login">
        <test-method is-config="true" signature="setup()[pri:0, instance:AutoProject.Login@3fc2959f]" started-at="2025-01-17T01:03:07 EET" name="setup" finished-at="2025-01-17T01:03:57 EET" duration-ms="49227" status="PASS">
          <reporter-output>
            <line>
              <![CDATA[Navigated to login page]]>
            </line>
          </reporter-output>
        </test-method> <!-- setup -->
        <test-method signature="testLoginForm(java.lang.String,java.lang.String,boolean)[pri:0, instance:AutoProject.Login@3fc2959f]" started-at="2025-01-17T01:03:57 EET" name="testLoginForm" data-provider="loginData" finished-at="2025-01-17T01:04:02 EET" duration-ms="5249" status="PASS">
          <params>
            <param index="0">
              <value>
                <![CDATA[Tasneim]]>
              </value>
            </param>
            <param index="1">
              <value>
                <![CDATA[Tas12345@]]>
              </value>
            </param>
            <param index="2">
              <value>
                <![CDATA[true]]>
              </value>
            </param>
          </params>
          <reporter-output>
            <line>
              <![CDATA[Entered username: Tasneim]]>
            </line>
            <line>
              <![CDATA[Entered password]]>
            </line>
            <line>
              <![CDATA[Clicked login button]]>
            </line>
            <line>
              <![CDATA[Exception occurred during login test: no such element: Unable to locate element: {"method":"css selector","selector":"#profile\-wrapper"}
  (Session info: chrome=131.0.6778.265)
For documentation on this error, please visit: https://www.selenium.dev/documentation/webdriver/troubleshooting/errors#no-such-element-exception
Build info: version: '4.20.0', revision: '866c76ca80'
System info: os.name: 'Windows 10', os.arch: 'amd64', os.version: '10.0', java.version: '23.0.1'
Driver info: org.openqa.selenium.chrome.ChromeDriver
Command: [d0f8ccf9bf8fef8d805c4646be688900, findElement {value=profile-wrapper, using=id}]
Capabilities {acceptInsecureCerts: false, browserName: chrome, browserVersion: 131.0.6778.265, chrome: {chromedriverVersion: 131.0.6778.264 (2d05e315153..., userDataDir: C:\Users\hp\AppData\Local\T...}, fedcm:accounts: true, goog:chromeOptions: {debuggerAddress: localhost:60010}, networkConnectionEnabled: false, pageLoadStrategy: normal, platformName: windows, proxy: Proxy(), se:cdp: ws://localhost:60010/devtoo..., se:cdpVersion: 131.0.6778.265, setWindowRect: true, strictFileInteractability: false, timeouts: {implicit: 0, pageLoad: 300000, script: 30000}, unhandledPromptBehavior: dismiss and notify, webauthn:extension:credBlob: true, webauthn:extension:largeBlob: true, webauthn:extension:minPinLength: true, webauthn:extension:prf: true, webauthn:virtualAuthenticators: true}
Session ID: d0f8ccf9bf8fef8d805c4646be688900]]>
            </line>
          </reporter-output>
        </test-method> <!-- testLoginForm -->
        <test-method is-config="true" signature="teardown()[pri:0, instance:AutoProject.Login@3fc2959f]" started-at="2025-01-17T01:04:02 EET" name="teardown" finished-at="2025-01-17T01:04:06 EET" duration-ms="4259" status="PASS">
          <reporter-output>
            <line>
              <![CDATA[Closed browser and quit WebDriver]]>
            </line>
          </reporter-output>
        </test-method> <!-- teardown -->
        <test-method signature="testLoginForm(java.lang.String,java.lang.String,boolean)[pri:0, instance:AutoProject.Login@3fc2959f]" started-at="2025-01-17T01:04:06 EET" name="testLoginForm" data-provider="loginData" finished-at="2025-01-17T01:04:06 EET" duration-ms="21" status="PASS">
          <params>
            <param index="0">
              <value>
                <![CDATA[sfgh]]>
              </value>
            </param>
            <param index="1">
              <value>
                <![CDATA[2345ASas@]]>
              </value>
            </param>
            <param index="2">
              <value>
                <![CDATA[false]]>
              </value>
            </param>
          </params>
          <reporter-output>
            <line>
              <![CDATA[Exception occurred during login test: Session ID is null. Using WebDriver after calling quit()?
Build info: version: '4.20.0', revision: '866c76ca80'
System info: os.name: 'Windows 10', os.arch: 'amd64', os.version: '10.0', java.version: '23.0.1'
Driver info: org.openqa.selenium.chrome.ChromeDriver
Command: [null, findElement {value=userName, using=id}]
Capabilities {acceptInsecureCerts: false, browserName: chrome, browserVersion: 131.0.6778.265, chrome: {chromedriverVersion: 131.0.6778.264 (2d05e315153..., userDataDir: C:\Users\hp\AppData\Local\T...}, fedcm:accounts: true, goog:chromeOptions: {debuggerAddress: localhost:60010}, networkConnectionEnabled: false, pageLoadStrategy: normal, platformName: windows, proxy: Proxy(), se:cdp: ws://localhost:60010/devtoo..., se:cdpVersion: 131.0.6778.265, setWindowRect: true, strictFileInteractability: false, timeouts: {implicit: 0, pageLoad: 300000, script: 30000}, unhandledPromptBehavior: dismiss and notify, webauthn:extension:credBlob: true, webauthn:extension:largeBlob: true, webauthn:extension:minPinLength: true, webauthn:extension:prf: true, webauthn:virtualAuthenticators: true}]]>
            </line>
          </reporter-output>
        </test-method> <!-- testLoginForm -->
        <test-method is-config="true" signature="teardown()[pri:0, instance:AutoProject.Login@3fc2959f]" started-at="2025-01-17T01:04:06 EET" name="teardown" finished-at="2025-01-17T01:04:06 EET" duration-ms="2" status="PASS">
          <reporter-output>
            <line>
              <![CDATA[Closed browser and quit WebDriver]]>
            </line>
          </reporter-output>
        </test-method> <!-- teardown -->
        <test-method signature="testLoginForm(java.lang.String,java.lang.String,boolean)[pri:0, instance:AutoProject.Login@3fc2959f]" started-at="2025-01-17T01:04:06 EET" name="testLoginForm" data-provider="loginData" finished-at="2025-01-17T01:04:06 EET" duration-ms="19" status="PASS">
          <params>
            <param index="0">
              <value>
                <![CDATA[]]>
              </value>
            </param>
            <param index="1">
              <value>
                <![CDATA[]]>
              </value>
            </param>
            <param index="2">
              <value>
                <![CDATA[false]]>
              </value>
            </param>
          </params>
          <reporter-output>
            <line>
              <![CDATA[Exception occurred during login test: Session ID is null. Using WebDriver after calling quit()?
Build info: version: '4.20.0', revision: '866c76ca80'
System info: os.name: 'Windows 10', os.arch: 'amd64', os.version: '10.0', java.version: '23.0.1'
Driver info: org.openqa.selenium.chrome.ChromeDriver
Command: [null, findElement {value=userName, using=id}]
Capabilities {acceptInsecureCerts: false, browserName: chrome, browserVersion: 131.0.6778.265, chrome: {chromedriverVersion: 131.0.6778.264 (2d05e315153..., userDataDir: C:\Users\hp\AppData\Local\T...}, fedcm:accounts: true, goog:chromeOptions: {debuggerAddress: localhost:60010}, networkConnectionEnabled: false, pageLoadStrategy: normal, platformName: windows, proxy: Proxy(), se:cdp: ws://localhost:60010/devtoo..., se:cdpVersion: 131.0.6778.265, setWindowRect: true, strictFileInteractability: false, timeouts: {implicit: 0, pageLoad: 300000, script: 30000}, unhandledPromptBehavior: dismiss and notify, webauthn:extension:credBlob: true, webauthn:extension:largeBlob: true, webauthn:extension:minPinLength: true, webauthn:extension:prf: true, webauthn:virtualAuthenticators: true}]]>
            </line>
          </reporter-output>
        </test-method> <!-- testLoginForm -->
        <test-method is-config="true" signature="teardown()[pri:0, instance:AutoProject.Login@3fc2959f]" started-at="2025-01-17T01:04:06 EET" name="teardown" finished-at="2025-01-17T01:04:06 EET" duration-ms="1" status="PASS">
          <reporter-output>
            <line>
              <![CDATA[Closed browser and quit WebDriver]]>
            </line>
          </reporter-output>
        </test-method> <!-- teardown -->
      </class> <!-- AutoProject.Login -->
    </test> <!-- Default test -->
  </suite> <!-- Default suite -->
</testng-results>
